<?xml version='1.0' encoding='UTF-8'?>
<testsuite hostname="Srirams-MacBook-Pro.local" name="ReceiptWebServiceTest" tests="10" errors="0" failures="0" skipped="0" time="2.974" timestamp="2023-07-11T22:10:06">
          <properties>
      <property name="jline.esc.timeout" value="0"/><property name="java.runtime.name" value="OpenJDK Runtime Environment"/><property name="sun.boot.library.path" value="/Library/Java/JavaVirtualMachines/zulu-8.jdk/Contents/Home/jre/lib"/><property name="java.vm.version" value="25.322-b06"/><property name="gopherProxySet" value="false"/><property name="jdk.vendor.version" value="Zulu 8.60.0.21-CA-macos-aarch64"/><property name="java.vm.vendor" value="Azul Systems, Inc."/><property name="java.vendor.url" value="http://www.azul.com/"/><property name="path.separator" value=":"/><property name="java.vm.name" value="OpenJDK 64-Bit Server VM"/><property name="file.encoding.pkg" value="sun.io"/><property name="user.country" value="US"/><property name="sun.java.launcher" value="SUN_STANDARD"/><property name="sun.os.patch.level" value="unknown"/><property name="jna.nosys" value="true"/><property name="java.vm.specification.name" value="Java Virtual Machine Specification"/><property name="user.dir" value="/Users/sriramvemparala/Desktop/Fetch/Fetch-Backend-Challenge"/><property name="java.runtime.version" value="1.8.0_322-b06"/><property name="java.awt.graphicsenv" value="sun.awt.CGraphicsEnvironment"/><property name="java.endorsed.dirs" value="/Library/Java/JavaVirtualMachines/zulu-8.jdk/Contents/Home/jre/lib/endorsed"/><property name="os.arch" value="aarch64"/><property name="java.io.tmpdir" value="/var/folders/84/3hhzlly94f13g6_4nk3qgzc40000gn/T/"/><property name="line.separator" value="
"/><property name="java.vm.specification.vendor" value="Oracle Corporation"/><property name="log4j.ignoreTCL" value="true"/><property name="os.name" value="Mac OS X"/><property name="sun.jnu.encoding" value="UTF-8"/><property name="java.library.path" value="/Users/sriramvemparala/Library/Java/Extensions:/Library/Java/Extensions:/Network/Library/Java/Extensions:/System/Library/Java/Extensions:/usr/lib/java:."/><property name="java.specification.name" value="Java Platform API Specification"/><property name="java.class.version" value="52.0"/><property name="sbt.ipcsocket.tmpdir" value="/var/folders/84/3hhzlly94f13g6_4nk3qgzc40000gn/T/.sbt7de156b4/ipcsocket"/><property name="sun.management.compiler" value="HotSpot 64-Bit Tiered Compilers"/><property name="os.version" value="13.2"/><property name="http.nonProxyHosts" value="local|*.local|169.254/16|*.169.254/16"/><property name="swoval.tmpdir" value="/var/folders/84/3hhzlly94f13g6_4nk3qgzc40000gn/T/.sbt7de156b4/swoval"/><property name="user.home" value="/Users/sriramvemparala"/><property name="user.timezone" value="America/Los_Angeles"/><property name="java.awt.printerjob" value="sun.lwawt.macosx.CPrinterJob"/><property name="file.encoding" value="UTF-8"/><property name="java.specification.version" value="1.8"/><property name="java.class.path" value="/Users/sriramvemparala/.sdkman/candidates/sbt/1.6.1/bin/sbt-launch.jar"/><property name="user.name" value="sriramvemparala"/><property name="jline.shutdownhook" value="false"/><property name="java.vm.specification.version" value="1.8"/><property name="sun.java.command" value="/Users/sriramvemparala/.sdkman/candidates/sbt/1.6.1/bin/sbt-launch.jar test"/><property name="java.home" value="/Library/Java/JavaVirtualMachines/zulu-8.jdk/Contents/Home/jre"/><property name="sun.arch.data.model" value="64"/><property name="user.language" value="en"/><property name="java.specification.vendor" value="Oracle Corporation"/><property name="awt.toolkit" value="sun.lwawt.macosx.LWCToolkit"/><property name="java.vm.info" value="mixed mode"/><property name="java.version" value="1.8.0_322"/><property name="java.ext.dirs" value="/Users/sriramvemparala/Library/Java/Extensions:/Library/Java/JavaVirtualMachines/zulu-8.jdk/Contents/Home/jre/lib/ext:/Library/Java/Extensions:/Network/Library/Java/Extensions:/System/Library/Java/Extensions:/usr/lib/java"/><property name="sun.boot.class.path" value="/Library/Java/JavaVirtualMachines/zulu-8.jdk/Contents/Home/jre/lib/resources.jar:/Library/Java/JavaVirtualMachines/zulu-8.jdk/Contents/Home/jre/lib/rt.jar:/Library/Java/JavaVirtualMachines/zulu-8.jdk/Contents/Home/jre/lib/sunrsasign.jar:/Library/Java/JavaVirtualMachines/zulu-8.jdk/Contents/Home/jre/lib/jsse.jar:/Library/Java/JavaVirtualMachines/zulu-8.jdk/Contents/Home/jre/lib/jce.jar:/Library/Java/JavaVirtualMachines/zulu-8.jdk/Contents/Home/jre/lib/charsets.jar:/Library/Java/JavaVirtualMachines/zulu-8.jdk/Contents/Home/jre/lib/jfr.jar:/Library/Java/JavaVirtualMachines/zulu-8.jdk/Contents/Home/jre/lib/cat.jar:/Library/Java/JavaVirtualMachines/zulu-8.jdk/Contents/Home/jre/classes"/><property name="java.vendor" value="Azul Systems, Inc."/><property name="file.separator" value="/"/><property name="java.vendor.url.bug" value="http://www.azul.com/support/"/><property name="sun.io.unicode.encoding" value="UnicodeBig"/><property name="sun.cpu.endian" value="little"/><property name="sbt.script" value="/Users/sriramvemparala/.sdkman/candidates/sbt/current/bin/sbt"/><property name="socksNonProxyHosts" value="local|*.local|169.254/16|*.169.254/16"/><property name="ftp.nonProxyHosts" value="local|*.local|169.254/16|*.169.254/16"/><property name="sun.cpu.isalist" value=""/>
    </properties>
          <testcase classname="ReceiptWebServiceTest" name="processReceiptTest" time="2.195">
                      
                    </testcase><testcase classname="ReceiptWebServiceTest" name="getPointsTest2" time="0.097">
                      
                    </testcase><testcase classname="ReceiptWebServiceTest" name="getPointsTest3" time="0.086">
                      
                    </testcase><testcase classname="ReceiptWebServiceTest" name="getPointsTest4" time="0.091">
                      
                    </testcase><testcase classname="ReceiptWebServiceTest" name="getPointsTest5" time="0.075">
                      
                    </testcase><testcase classname="ReceiptWebServiceTest" name="getPointsTest" time="0.063">
                      
                    </testcase><testcase classname="ReceiptWebServiceTest" name="processReceiptTest2" time="0.062">
                      
                    </testcase><testcase classname="ReceiptWebServiceTest" name="processReceiptTest3" time="0.131">
                      
                    </testcase><testcase classname="ReceiptWebServiceTest" name="processReceiptTest4" time="0.105">
                      
                    </testcase><testcase classname="ReceiptWebServiceTest" name="processReceiptTest5" time="0.069">
                      
                    </testcase>
          <system-out><![CDATA[]]></system-out>
          <system-err><![CDATA[]]></system-err>
        </testsuite>