<?xml version='1.0' encoding='UTF-8'?>
<testsuite hostname="Srirams-MacBook-Pro.local" name="BrowserTest" tests="1" errors="0" failures="1" skipped="0" time="0.367" timestamp="2023-07-11T20:24:14">
          <properties>
      <property name="jline.esc.timeout" value="0"/><property name="java.runtime.name" value="OpenJDK Runtime Environment"/><property name="sun.boot.library.path" value="/Library/Java/JavaVirtualMachines/zulu-8.jdk/Contents/Home/jre/lib"/><property name="java.vm.version" value="25.322-b06"/><property name="gopherProxySet" value="false"/><property name="jdk.vendor.version" value="Zulu 8.60.0.21-CA-macos-aarch64"/><property name="java.vm.vendor" value="Azul Systems, Inc."/><property name="java.vendor.url" value="http://www.azul.com/"/><property name="path.separator" value=":"/><property name="java.vm.name" value="OpenJDK 64-Bit Server VM"/><property name="file.encoding.pkg" value="sun.io"/><property name="user.country" value="US"/><property name="sun.java.launcher" value="SUN_STANDARD"/><property name="sun.os.patch.level" value="unknown"/><property name="jna.nosys" value="true"/><property name="java.vm.specification.name" value="Java Virtual Machine Specification"/><property name="user.dir" value="/Users/sriramvemparala/Desktop/Fetch/Fetch-Backend-Challenge"/><property name="java.runtime.version" value="1.8.0_322-b06"/><property name="java.awt.graphicsenv" value="sun.awt.CGraphicsEnvironment"/><property name="java.endorsed.dirs" value="/Library/Java/JavaVirtualMachines/zulu-8.jdk/Contents/Home/jre/lib/endorsed"/><property name="os.arch" value="aarch64"/><property name="java.io.tmpdir" value="/var/folders/84/3hhzlly94f13g6_4nk3qgzc40000gn/T/"/><property name="line.separator" value="
"/><property name="java.vm.specification.vendor" value="Oracle Corporation"/><property name="log4j.ignoreTCL" value="true"/><property name="os.name" value="Mac OS X"/><property name="sun.jnu.encoding" value="UTF-8"/><property name="java.library.path" value="/Users/sriramvemparala/Library/Java/Extensions:/Library/Java/Extensions:/Network/Library/Java/Extensions:/System/Library/Java/Extensions:/usr/lib/java:."/><property name="java.specification.name" value="Java Platform API Specification"/><property name="java.class.version" value="52.0"/><property name="sbt.ipcsocket.tmpdir" value="/var/folders/84/3hhzlly94f13g6_4nk3qgzc40000gn/T/.sbt7de156b4/ipcsocket"/><property name="sun.management.compiler" value="HotSpot 64-Bit Tiered Compilers"/><property name="os.version" value="13.2"/><property name="http.nonProxyHosts" value="local|*.local|169.254/16|*.169.254/16"/><property name="swoval.tmpdir" value="/var/folders/84/3hhzlly94f13g6_4nk3qgzc40000gn/T/.sbt7de156b4/swoval"/><property name="user.home" value="/Users/sriramvemparala"/><property name="user.timezone" value="America/Los_Angeles"/><property name="java.awt.printerjob" value="sun.lwawt.macosx.CPrinterJob"/><property name="file.encoding" value="UTF-8"/><property name="java.specification.version" value="1.8"/><property name="java.class.path" value="/Users/sriramvemparala/.sdkman/candidates/sbt/1.6.1/bin/sbt-launch.jar"/><property name="user.name" value="sriramvemparala"/><property name="jline.shutdownhook" value="false"/><property name="java.vm.specification.version" value="1.8"/><property name="sun.java.command" value="/Users/sriramvemparala/.sdkman/candidates/sbt/1.6.1/bin/sbt-launch.jar test"/><property name="java.home" value="/Library/Java/JavaVirtualMachines/zulu-8.jdk/Contents/Home/jre"/><property name="sun.arch.data.model" value="64"/><property name="user.language" value="en"/><property name="java.specification.vendor" value="Oracle Corporation"/><property name="awt.toolkit" value="sun.lwawt.macosx.LWCToolkit"/><property name="java.vm.info" value="mixed mode"/><property name="java.version" value="1.8.0_322"/><property name="java.ext.dirs" value="/Users/sriramvemparala/Library/Java/Extensions:/Library/Java/JavaVirtualMachines/zulu-8.jdk/Contents/Home/jre/lib/ext:/Library/Java/Extensions:/Network/Library/Java/Extensions:/System/Library/Java/Extensions:/usr/lib/java"/><property name="sun.boot.class.path" value="/Library/Java/JavaVirtualMachines/zulu-8.jdk/Contents/Home/jre/lib/resources.jar:/Library/Java/JavaVirtualMachines/zulu-8.jdk/Contents/Home/jre/lib/rt.jar:/Library/Java/JavaVirtualMachines/zulu-8.jdk/Contents/Home/jre/lib/sunrsasign.jar:/Library/Java/JavaVirtualMachines/zulu-8.jdk/Contents/Home/jre/lib/jsse.jar:/Library/Java/JavaVirtualMachines/zulu-8.jdk/Contents/Home/jre/lib/jce.jar:/Library/Java/JavaVirtualMachines/zulu-8.jdk/Contents/Home/jre/lib/charsets.jar:/Library/Java/JavaVirtualMachines/zulu-8.jdk/Contents/Home/jre/lib/jfr.jar:/Library/Java/JavaVirtualMachines/zulu-8.jdk/Contents/Home/jre/lib/cat.jar:/Library/Java/JavaVirtualMachines/zulu-8.jdk/Contents/Home/jre/classes"/><property name="java.vendor" value="Azul Systems, Inc."/><property name="file.separator" value="/"/><property name="java.vendor.url.bug" value="http://www.azul.com/support/"/><property name="sun.io.unicode.encoding" value="UnicodeBig"/><property name="sun.cpu.endian" value="little"/><property name="sbt.script" value="/Users/sriramvemparala/.sdkman/candidates/sbt/current/bin/sbt"/><property name="socksNonProxyHosts" value="local|*.local|169.254/16|*.169.254/16"/><property name="ftp.nonProxyHosts" value="local|*.local|169.254/16|*.169.254/16"/><property name="sun.cpu.isalist" value=""/>
    </properties>
          <testcase classname="BrowserTest" name="processRouteTest" time="0.367">
                      <failure message="play.api.PlayException: Cannot load module[Module [my.application.Module] cannot be instantiated.]" type="sbt.ForkMain$ForkError">sbt.ForkMain$ForkError: play.api.PlayException: Cannot load module[Module [my.application.Module] cannot be instantiated.]
	at play.api.inject.Modules$.constructModule(Module.scala:180)
	at play.api.inject.Modules$.$anonfun$locate$4(Module.scala:138)
	at scala.collection.StrictOptimizedIterableOps.map(StrictOptimizedIterableOps.scala:100)
	at scala.collection.StrictOptimizedIterableOps.map$(StrictOptimizedIterableOps.scala:87)
	at scala.collection.immutable.HashSet.map(HashSet.scala:34)
	at play.api.inject.Modules$.locate(Module.scala:133)
	at play.api.inject.guice.GuiceableModule$.loadModules(GuiceInjectorBuilder.scala:300)
	at play.api.inject.guice.GuiceApplicationBuilder$.$anonfun$$lessinit$greater$default$9$1(GuiceApplicationBuilder.scala:36)
	at play.api.inject.guice.GuiceApplicationBuilder.applicationModule(GuiceApplicationBuilder.scala:114)
	at play.api.inject.guice.GuiceBuilder.injector(GuiceInjectorBuilder.scala:201)
	at play.inject.guice.GuiceBuilder.injector(GuiceBuilder.java:211)
	at play.inject.guice.GuiceApplicationBuilder.build(GuiceApplicationBuilder.java:121)
	at play.test.Helpers.fakeApplication(Helpers.java:157)
	at play.test.WithServer.provideApplication(WithServer.java:29)
	at play.test.WithServer.startServer(WithServer.java:46)
	at sun.reflect.NativeMethodAccessorImpl.invoke0(Native Method)
	at sun.reflect.NativeMethodAccessorImpl.invoke(NativeMethodAccessorImpl.java:62)
	at sun.reflect.DelegatingMethodAccessorImpl.invoke(DelegatingMethodAccessorImpl.java:43)
	at java.lang.reflect.Method.invoke(Method.java:498)
	at org.junit.runners.model.FrameworkMethod$1.runReflectiveCall(FrameworkMethod.java:59)
	at org.junit.internal.runners.model.ReflectiveCallable.run(ReflectiveCallable.java:12)
	at org.junit.runners.model.FrameworkMethod.invokeExplosively(FrameworkMethod.java:56)
	at org.junit.internal.runners.statements.RunBefores.invokeMethod(RunBefores.java:33)
	at org.junit.internal.runners.statements.RunBefores.evaluate(RunBefores.java:24)
	at org.junit.internal.runners.statements.RunAfters.evaluate(RunAfters.java:27)
	at org.junit.runners.ParentRunner$3.evaluate(ParentRunner.java:306)
	at org.junit.runners.BlockJUnit4ClassRunner$1.evaluate(BlockJUnit4ClassRunner.java:100)
	at org.junit.runners.ParentRunner.runLeaf(ParentRunner.java:366)
	at org.junit.runners.BlockJUnit4ClassRunner.runChild(BlockJUnit4ClassRunner.java:103)
	at org.junit.runners.BlockJUnit4ClassRunner.runChild(BlockJUnit4ClassRunner.java:63)
	at org.junit.runners.ParentRunner$4.run(ParentRunner.java:331)
	at org.junit.runners.ParentRunner$1.schedule(ParentRunner.java:79)
	at org.junit.runners.ParentRunner.runChildren(ParentRunner.java:329)
	at org.junit.runners.ParentRunner.access$100(ParentRunner.java:66)
	at org.junit.runners.ParentRunner$2.evaluate(ParentRunner.java:293)
	at org.junit.runners.ParentRunner$3.evaluate(ParentRunner.java:306)
	at org.junit.runners.ParentRunner.run(ParentRunner.java:413)
	at org.junit.runners.Suite.runChild(Suite.java:128)
	at org.junit.runners.Suite.runChild(Suite.java:27)
	at org.junit.runners.ParentRunner$4.run(ParentRunner.java:331)
	at org.junit.runners.ParentRunner$1.schedule(ParentRunner.java:79)
	at org.junit.runners.ParentRunner.runChildren(ParentRunner.java:329)
	at org.junit.runners.ParentRunner.access$100(ParentRunner.java:66)
	at org.junit.runners.ParentRunner$2.evaluate(ParentRunner.java:293)
	at org.junit.runners.ParentRunner$3.evaluate(ParentRunner.java:306)
	at org.junit.runners.ParentRunner.run(ParentRunner.java:413)
	at org.junit.runner.JUnitCore.run(JUnitCore.java:137)
	at org.junit.runner.JUnitCore.run(JUnitCore.java:115)
	at com.novocode.junit.JUnitRunner$1.execute(JUnitRunner.java:132)
	at sbt.ForkMain$Run.lambda$runTest$1(ForkMain.java:413)
	at java.util.concurrent.FutureTask.run(FutureTask.java:266)
	at java.util.concurrent.ThreadPoolExecutor.runWorker(ThreadPoolExecutor.java:1149)
	at java.util.concurrent.ThreadPoolExecutor$Worker.run(ThreadPoolExecutor.java:624)
	at java.lang.Thread.run(Thread.java:750)
Caused by: sbt.ForkMain$ForkError: java.lang.ClassNotFoundException: my.application.Module
	at java.net.URLClassLoader.findClass(URLClassLoader.java:387)
	at java.lang.ClassLoader.loadClass(ClassLoader.java:419)
	at sun.misc.Launcher$AppClassLoader.loadClass(Launcher.java:352)
	at java.lang.ClassLoader.loadClass(ClassLoader.java:352)
	at play.api.inject.Modules$.$anonfun$locate$5(Module.scala:138)
	at play.api.inject.Modules$.constructModule(Module.scala:150)
	... 53 more
</failure>
                    </testcase>
          <system-out><![CDATA[]]></system-out>
          <system-err><![CDATA[]]></system-err>
        </testsuite>